2018-08-05 14:17:22.348  INFO 7064 --- [main] com.jw.MyspringbootMybatisApplication    : No active profile set, falling back to default profiles: default
2018-08-05 14:17:22.381  INFO 7064 --- [main] ationConfigEmbeddedWebApplicationContext : Refreshing org.springframework.boot.context.embedded.AnnotationConfigEmbeddedWebApplicationContext@6e35bc3d: startup date [Sun Aug 05 14:17:22 CST 2018]; parent: org.springframework.context.annotation.AnnotationConfigApplicationContext@51e5fc98
2018-08-05 14:17:25.594  INFO 7064 --- [main] o.s.cloud.context.scope.GenericScope     : BeanFactory id=fdd25b17-b847-3040-9dbe-7f10673c16e4
2018-08-05 14:17:25.611  INFO 7064 --- [main] f.a.AutowiredAnnotationBeanPostProcessor : JSR-330 'javax.inject.Inject' annotation found and supported for autowiring
2018-08-05 14:17:25.772  INFO 7064 --- [main] trationDelegate$BeanPostProcessorChecker : Bean 'org.springframework.transaction.annotation.ProxyTransactionManagementConfiguration' of type [org.springframework.transaction.annotation.ProxyTransactionManagementConfiguration$$EnhancerBySpringCGLIB$$99b0797b] is not eligible for getting processed by all BeanPostProcessors (for example: not eligible for auto-proxying)
2018-08-05 14:17:25.916  INFO 7064 --- [main] trationDelegate$BeanPostProcessorChecker : Bean 'org.springframework.cloud.autoconfigure.ConfigurationPropertiesRebinderAutoConfiguration' of type [org.springframework.cloud.autoconfigure.ConfigurationPropertiesRebinderAutoConfiguration$$EnhancerBySpringCGLIB$$b5ca7c78] is not eligible for getting processed by all BeanPostProcessors (for example: not eligible for auto-proxying)
2018-08-05 14:17:26.612  INFO 7064 --- [main] s.b.c.e.t.TomcatEmbeddedServletContainer : Tomcat initialized with port(s): 8080 (http)
2018-08-05 14:17:26.634  INFO 7064 --- [main] o.apache.catalina.core.StandardService   : Starting service [Tomcat]
2018-08-05 14:17:26.635  INFO 7064 --- [main] org.apache.catalina.core.StandardEngine  : Starting Servlet Engine: Apache Tomcat/8.5.16
2018-08-05 14:17:26.806  INFO 7064 --- [localhost-startStop-1] o.a.c.c.C.[.[.[/mySpringbootMybatis]     : Initializing Spring embedded WebApplicationContext
2018-08-05 14:17:26.806  INFO 7064 --- [localhost-startStop-1] o.s.web.context.ContextLoader            : Root WebApplicationContext: initialization completed in 4425 ms
2018-08-05 14:17:27.006  INFO 7064 --- [localhost-startStop-1] o.s.b.w.servlet.ServletRegistrationBean  : Mapping servlet: 'statViewServlet' to [/druid/*]
2018-08-05 14:17:27.007  INFO 7064 --- [localhost-startStop-1] o.s.b.w.servlet.ServletRegistrationBean  : Mapping servlet: 'dispatcherServlet' to [/]
2018-08-05 14:17:27.010  INFO 7064 --- [localhost-startStop-1] o.s.b.w.servlet.FilterRegistrationBean   : Mapping filter: 'characterEncodingFilter' to: [/*]
2018-08-05 14:17:27.010  INFO 7064 --- [localhost-startStop-1] o.s.b.w.servlet.FilterRegistrationBean   : Mapping filter: 'hiddenHttpMethodFilter' to: [/*]
2018-08-05 14:17:27.010  INFO 7064 --- [localhost-startStop-1] o.s.b.w.servlet.FilterRegistrationBean   : Mapping filter: 'httpPutFormContentFilter' to: [/*]
2018-08-05 14:17:27.011  INFO 7064 --- [localhost-startStop-1] o.s.b.w.servlet.FilterRegistrationBean   : Mapping filter: 'requestContextFilter' to: [/*]
2018-08-05 14:17:27.011  INFO 7064 --- [localhost-startStop-1] o.s.b.w.servlet.FilterRegistrationBean   : Mapping filter: 'webStatFilter' to urls: [/*]
2018-08-05 14:17:27.011  INFO 7064 --- [localhost-startStop-1] o.s.b.w.servlet.FilterRegistrationBean   : Mapping filter: 'SessionFilter' to urls: [/*, *]
2018-08-05 14:17:27.206  INFO 7064 --- [main] c.a.d.s.b.a.DruidDataSourceAutoConfigure : Init DruidDataSource
2018-08-05 14:17:27.776  INFO 7064 --- [main] com.alibaba.druid.pool.DruidDataSource   : {dataSource-1} inited
2018-08-05 14:17:28.303  INFO 7064 --- [main] com.config.ExecutorConfig                : start asyncServiceExecutor
2018-08-05 14:17:28.306  INFO 7064 --- [main] o.s.s.concurrent.ThreadPoolTaskExecutor  : Initializing ExecutorService 
2018-08-05 14:17:28.310  INFO 7064 --- [main] o.s.s.concurrent.ThreadPoolTaskExecutor  : Initializing ExecutorService  'asyncServiceExecutor'
2018-08-05 14:17:28.862  INFO 7064 --- [main] s.w.s.m.m.a.RequestMappingHandlerAdapter : Looking for @ControllerAdvice: org.springframework.boot.context.embedded.AnnotationConfigEmbeddedWebApplicationContext@6e35bc3d: startup date [Sun Aug 05 14:17:22 CST 2018]; parent: org.springframework.context.annotation.AnnotationConfigApplicationContext@51e5fc98
2018-08-05 14:17:28.925  INFO 7064 --- [main] s.w.s.m.m.a.RequestMappingHandlerMapping : Mapped "{[/gateway]}" onto public java.lang.Object com.base.GatewayController.dispatch(javax.servlet.http.HttpServletRequest,javax.servlet.http.HttpServletResponse)
2018-08-05 14:17:28.928  INFO 7064 --- [main] s.w.s.m.m.a.RequestMappingHandlerMapping : Mapped "{[/error]}" onto public org.springframework.http.ResponseEntity<java.util.Map<java.lang.String, java.lang.Object>> org.springframework.boot.autoconfigure.web.BasicErrorController.error(javax.servlet.http.HttpServletRequest)
2018-08-05 14:17:28.928  INFO 7064 --- [main] s.w.s.m.m.a.RequestMappingHandlerMapping : Mapped "{[/error],produces=[text/html]}" onto public org.springframework.web.servlet.ModelAndView org.springframework.boot.autoconfigure.web.BasicErrorController.errorHtml(javax.servlet.http.HttpServletRequest,javax.servlet.http.HttpServletResponse)
2018-08-05 14:17:28.975  INFO 7064 --- [main] o.s.w.s.handler.SimpleUrlHandlerMapping  : Mapped URL path [/webjars/**] onto handler of type [class org.springframework.web.servlet.resource.ResourceHttpRequestHandler]
2018-08-05 14:17:28.975  INFO 7064 --- [main] o.s.w.s.handler.SimpleUrlHandlerMapping  : Mapped URL path [/**] onto handler of type [class org.springframework.web.servlet.resource.ResourceHttpRequestHandler]
2018-08-05 14:17:29.015  INFO 7064 --- [main] o.s.w.s.handler.SimpleUrlHandlerMapping  : Mapped URL path [/**/favicon.ico] onto handler of type [class org.springframework.web.servlet.resource.ResourceHttpRequestHandler]
2018-08-05 14:17:29.596  WARN 7064 --- [main] c.n.c.sources.URLConfigurationSource     : No URLs will be polled as dynamic configuration sources.
2018-08-05 14:17:29.596  INFO 7064 --- [main] c.n.c.sources.URLConfigurationSource     : To enable URLs as dynamic configuration sources, define System property archaius.configurationSource.additionalUrls or make config.properties available on classpath.
2018-08-05 14:17:29.605  WARN 7064 --- [main] c.n.c.sources.URLConfigurationSource     : No URLs will be polled as dynamic configuration sources.
2018-08-05 14:17:29.605  INFO 7064 --- [main] c.n.c.sources.URLConfigurationSource     : To enable URLs as dynamic configuration sources, define System property archaius.configurationSource.additionalUrls or make config.properties available on classpath.
2018-08-05 14:17:29.704  INFO 7064 --- [main] o.s.w.s.s.s.ServerEndpointExporter       : Registering @ServerEndpoint class: class com.jw.business.websocket.server.SocketServer
2018-08-05 14:17:29.711  INFO 7064 --- [main] o.s.w.s.s.s.ServerEndpointExporter       : Registering @ServerEndpoint class: class com.jw.business.websocket.server.SocketServerBak
2018-08-05 14:17:29.712  INFO 7064 --- [main] o.s.j.e.a.AnnotationMBeanExporter        : Registering beans for JMX exposure on startup
2018-08-05 14:17:29.712  INFO 7064 --- [main] o.s.j.e.a.AnnotationMBeanExporter        : Bean with name 'statFilter' has been autodetected for JMX exposure
2018-08-05 14:17:29.712  INFO 7064 --- [main] o.s.j.e.a.AnnotationMBeanExporter        : Bean with name 'dataSource' has been autodetected for JMX exposure
2018-08-05 14:17:29.717  INFO 7064 --- [main] o.s.j.e.a.AnnotationMBeanExporter        : Bean with name 'environmentManager' has been autodetected for JMX exposure
2018-08-05 14:17:29.718  INFO 7064 --- [main] o.s.j.e.a.AnnotationMBeanExporter        : Bean with name 'configurationPropertiesRebinder' has been autodetected for JMX exposure
2018-08-05 14:17:29.719  INFO 7064 --- [main] o.s.j.e.a.AnnotationMBeanExporter        : Bean with name 'refreshScope' has been autodetected for JMX exposure
2018-08-05 14:17:29.720  INFO 7064 --- [main] o.s.j.e.a.AnnotationMBeanExporter        : Located managed bean 'environmentManager': registering with JMX server as MBean [org.springframework.cloud.context.environment:name=environmentManager,type=EnvironmentManager]
2018-08-05 14:17:29.743  INFO 7064 --- [main] o.s.j.e.a.AnnotationMBeanExporter        : Located managed bean 'refreshScope': registering with JMX server as MBean [org.springframework.cloud.context.scope.refresh:name=refreshScope,type=RefreshScope]
2018-08-05 14:17:29.750  INFO 7064 --- [main] o.s.j.e.a.AnnotationMBeanExporter        : Located managed bean 'configurationPropertiesRebinder': registering with JMX server as MBean [org.springframework.cloud.context.properties:name=configurationPropertiesRebinder,context=6e35bc3d,type=ConfigurationPropertiesRebinder]
2018-08-05 14:17:29.754  INFO 7064 --- [main] o.s.j.e.a.AnnotationMBeanExporter        : Located MBean 'dataSource': registering with JMX server as MBean [com.alibaba.druid.spring.boot.autoconfigure:name=dataSource,type=DruidDataSourceWrapper]
2018-08-05 14:17:29.755  INFO 7064 --- [main] o.s.j.e.a.AnnotationMBeanExporter        : Located MBean 'statFilter': registering with JMX server as MBean [com.alibaba.druid.filter.stat:name=statFilter,type=StatFilter]
2018-08-05 14:17:29.989  INFO 7064 --- [main] s.a.ScheduledAnnotationBeanPostProcessor : No TaskScheduler/ScheduledExecutorService bean found for scheduled processing
2018-08-05 14:17:30.064  INFO 7064 --- [main] s.b.c.e.t.TomcatEmbeddedServletContainer : Tomcat started on port(s): 8080 (http)
2018-08-05 14:17:30.067  INFO 7064 --- [main] com.jw.MyspringbootMybatisApplication    : Started MyspringbootMybatisApplication in 10.284 seconds (JVM running for 12.146)
2018-08-05 14:17:49.954  INFO 7064 --- [http-nio-8080-exec-1] o.apache.coyote.http11.Http11Processor   : Error parsing HTTP request header
 Note: further occurrences of HTTP header parsing errors will be logged at DEBUG level.

java.lang.IllegalArgumentException: Invalid character found in the request target. The valid characters are defined in RFC 7230 and RFC 3986
	at org.apache.coyote.http11.Http11InputBuffer.parseRequestLine(Http11InputBuffer.java:472) ~[tomcat-embed-core-8.5.16.jar:8.5.16]
	at org.apache.coyote.http11.Http11Processor.service(Http11Processor.java:683) ~[tomcat-embed-core-8.5.16.jar:8.5.16]
	at org.apache.coyote.AbstractProcessorLight.process(AbstractProcessorLight.java:66) [tomcat-embed-core-8.5.16.jar:8.5.16]
	at org.apache.coyote.AbstractProtocol$ConnectionHandler.process(AbstractProtocol.java:868) [tomcat-embed-core-8.5.16.jar:8.5.16]
	at org.apache.tomcat.util.net.NioEndpoint$SocketProcessor.doRun(NioEndpoint.java:1455) [tomcat-embed-core-8.5.16.jar:8.5.16]
	at org.apache.tomcat.util.net.SocketProcessorBase.run(SocketProcessorBase.java:49) [tomcat-embed-core-8.5.16.jar:8.5.16]
	at java.util.concurrent.ThreadPoolExecutor.runWorker(ThreadPoolExecutor.java:1142) [na:1.8.0_131]
	at java.util.concurrent.ThreadPoolExecutor$Worker.run(ThreadPoolExecutor.java:617) [na:1.8.0_131]
	at org.apache.tomcat.util.threads.TaskThread$WrappingRunnable.run(TaskThread.java:61) [tomcat-embed-core-8.5.16.jar:8.5.16]
	at java.lang.Thread.run(Thread.java:748) [na:1.8.0_131]

2018-08-05 14:18:00.110  INFO 7064 --- [MyExecutor-1] c.j.b.scheduledtask.ScheduledTask        : *****多线程定时器2(5s/次)运行中*****
2018-08-05 14:18:00.110  INFO 7064 --- [MyExecutor-2] c.j.b.scheduledtask.ScheduledTask        : *****多线程定时器1(5s/次)运行中*****
2018-08-05 14:18:30.003  INFO 7064 --- [MyExecutor-3] c.j.b.scheduledtask.ScheduledTask        : *****多线程定时器1(5s/次)运行中*****
2018-08-05 14:18:30.003  INFO 7064 --- [MyExecutor-4] c.j.b.scheduledtask.ScheduledTask        : *****多线程定时器2(5s/次)运行中*****
2018-08-05 14:19:00.005  INFO 7064 --- [MyExecutor-1] c.j.b.scheduledtask.ScheduledTask        : *****多线程定时器1(5s/次)运行中*****
2018-08-05 14:19:00.007  INFO 7064 --- [MyExecutor-5] c.j.b.scheduledtask.ScheduledTask        : *****多线程定时器2(5s/次)运行中*****
2018-08-05 14:19:30.002  INFO 7064 --- [MyExecutor-2] c.j.b.scheduledtask.ScheduledTask        : *****多线程定时器2(5s/次)运行中*****
2018-08-05 14:19:30.002  INFO 7064 --- [MyExecutor-3] c.j.b.scheduledtask.ScheduledTask        : *****多线程定时器1(5s/次)运行中*****
2018-08-05 14:19:34.263  INFO 7064 --- [http-nio-8080-exec-8] o.a.c.c.C.[.[.[/mySpringbootMybatis]     : Initializing Spring FrameworkServlet 'dispatcherServlet'
2018-08-05 14:19:34.263  INFO 7064 --- [http-nio-8080-exec-8] o.s.web.servlet.DispatcherServlet        : FrameworkServlet 'dispatcherServlet': initialization started
2018-08-05 14:19:34.282  INFO 7064 --- [http-nio-8080-exec-8] o.s.web.servlet.DispatcherServlet        : FrameworkServlet 'dispatcherServlet': initialization completed in 19 ms
2018-08-05 14:19:34.301  INFO 7064 --- [http-nio-8080-exec-8] com.filter.SessionFilter                 : SessionFilter
2018-08-05 14:19:34.337  INFO 7064 --- [http-nio-8080-exec-8] o.s.aop.framework.CglibAopProxy          : Final method [public final void org.springframework.web.servlet.mvc.multiaction.MultiActionController.setDelegate(java.lang.Object)] cannot get proxied via CGLIB: Calls to this method will NOT be routed to the target instance and might lead to NPEs against uninitialized fields in the proxy instance.
2018-08-05 14:19:34.337  INFO 7064 --- [http-nio-8080-exec-8] o.s.aop.framework.CglibAopProxy          : Final method [public final void org.springframework.web.servlet.mvc.multiaction.MultiActionController.setMethodNameResolver(org.springframework.web.servlet.mvc.multiaction.MethodNameResolver)] cannot get proxied via CGLIB: Calls to this method will NOT be routed to the target instance and might lead to NPEs against uninitialized fields in the proxy instance.
2018-08-05 14:19:34.338  INFO 7064 --- [http-nio-8080-exec-8] o.s.aop.framework.CglibAopProxy          : Final method [public final org.springframework.web.servlet.mvc.multiaction.MethodNameResolver org.springframework.web.servlet.mvc.multiaction.MultiActionController.getMethodNameResolver()] cannot get proxied via CGLIB: Calls to this method will NOT be routed to the target instance and might lead to NPEs against uninitialized fields in the proxy instance.
2018-08-05 14:19:34.338  INFO 7064 --- [http-nio-8080-exec-8] o.s.aop.framework.CglibAopProxy          : Final method [public final void org.springframework.web.servlet.mvc.multiaction.MultiActionController.setWebBindingInitializer(org.springframework.web.bind.support.WebBindingInitializer)] cannot get proxied via CGLIB: Calls to this method will NOT be routed to the target instance and might lead to NPEs against uninitialized fields in the proxy instance.
2018-08-05 14:19:34.338  INFO 7064 --- [http-nio-8080-exec-8] o.s.aop.framework.CglibAopProxy          : Final method [protected final org.springframework.web.servlet.ModelAndView org.springframework.web.servlet.mvc.multiaction.MultiActionController.invokeNamedMethod(java.lang.String,javax.servlet.http.HttpServletRequest,javax.servlet.http.HttpServletResponse) throws java.lang.Exception] cannot get proxied via CGLIB: Calls to this method will NOT be routed to the target instance and might lead to NPEs against uninitialized fields in the proxy instance.
2018-08-05 14:19:34.338  INFO 7064 --- [http-nio-8080-exec-8] o.s.aop.framework.CglibAopProxy          : Final method [public final org.springframework.validation.Validator[] org.springframework.web.servlet.mvc.multiaction.MultiActionController.getValidators()] cannot get proxied via CGLIB: Calls to this method will NOT be routed to the target instance and might lead to NPEs against uninitialized fields in the proxy instance.
2018-08-05 14:19:34.338  INFO 7064 --- [http-nio-8080-exec-8] o.s.aop.framework.CglibAopProxy          : Final method [public final org.springframework.web.bind.support.WebBindingInitializer org.springframework.web.servlet.mvc.multiaction.MultiActionController.getWebBindingInitializer()] cannot get proxied via CGLIB: Calls to this method will NOT be routed to the target instance and might lead to NPEs against uninitialized fields in the proxy instance.
2018-08-05 14:19:34.338  INFO 7064 --- [http-nio-8080-exec-8] o.s.aop.framework.CglibAopProxy          : Final method [public final void org.springframework.web.servlet.mvc.multiaction.MultiActionController.setValidators(org.springframework.validation.Validator[])] cannot get proxied via CGLIB: Calls to this method will NOT be routed to the target instance and might lead to NPEs against uninitialized fields in the proxy instance.
2018-08-05 14:19:34.339  INFO 7064 --- [http-nio-8080-exec-8] o.s.aop.framework.CglibAopProxy          : Final method [public final void org.springframework.web.servlet.mvc.AbstractController.setSynchronizeOnSession(boolean)] cannot get proxied via CGLIB: Calls to this method will NOT be routed to the target instance and might lead to NPEs against uninitialized fields in the proxy instance.
2018-08-05 14:19:34.339  INFO 7064 --- [http-nio-8080-exec-8] o.s.aop.framework.CglibAopProxy          : Final method [public final boolean org.springframework.web.servlet.mvc.AbstractController.isSynchronizeOnSession()] cannot get proxied via CGLIB: Calls to this method will NOT be routed to the target instance and might lead to NPEs against uninitialized fields in the proxy instance.
2018-08-05 14:19:34.339  INFO 7064 --- [http-nio-8080-exec-8] o.s.aop.framework.CglibAopProxy          : Final method [public final boolean org.springframework.web.servlet.support.WebContentGenerator.isAlwaysMustRevalidate()] cannot get proxied via CGLIB: Calls to this method will NOT be routed to the target instance and might lead to NPEs against uninitialized fields in the proxy instance.
2018-08-05 14:19:34.339  INFO 7064 --- [http-nio-8080-exec-8] o.s.aop.framework.CglibAopProxy          : Final method [public final java.lang.String[] org.springframework.web.servlet.support.WebContentGenerator.getSupportedMethods()] cannot get proxied via CGLIB: Calls to this method will NOT be routed to the target instance and might lead to NPEs against uninitialized fields in the proxy instance.
2018-08-05 14:19:34.339  INFO 7064 --- [http-nio-8080-exec-8] o.s.aop.framework.CglibAopProxy          : Final method [public final void org.springframework.web.servlet.support.WebContentGenerator.setSupportedMethods(java.lang.String[])] cannot get proxied via CGLIB: Calls to this method will NOT be routed to the target instance and might lead to NPEs against uninitialized fields in the proxy instance.
2018-08-05 14:19:34.339  INFO 7064 --- [http-nio-8080-exec-8] o.s.aop.framework.CglibAopProxy          : Final method [public final boolean org.springframework.web.servlet.support.WebContentGenerator.isUseCacheControlNoStore()] cannot get proxied via CGLIB: Calls to this method will NOT be routed to the target instance and might lead to NPEs against uninitialized fields in the proxy instance.
2018-08-05 14:19:34.340  INFO 7064 --- [http-nio-8080-exec-8] o.s.aop.framework.CglibAopProxy          : Final method [public final void org.springframework.web.servlet.support.WebContentGenerator.setRequireSession(boolean)] cannot get proxied via CGLIB: Calls to this method will NOT be routed to the target instance and might lead to NPEs against uninitialized fields in the proxy instance.
2018-08-05 14:19:34.340  INFO 7064 --- [http-nio-8080-exec-8] o.s.aop.framework.CglibAopProxy          : Final method [public final void org.springframework.web.servlet.support.WebContentGenerator.setUseCacheControlHeader(boolean)] cannot get proxied via CGLIB: Calls to this method will NOT be routed to the target instance and might lead to NPEs against uninitialized fields in the proxy instance.
2018-08-05 14:19:34.340  INFO 7064 --- [http-nio-8080-exec-8] o.s.aop.framework.CglibAopProxy          : Final method [protected final void org.springframework.web.servlet.support.WebContentGenerator.applyCacheSeconds(javax.servlet.http.HttpServletResponse,int)] cannot get proxied via CGLIB: Calls to this method will NOT be routed to the target instance and might lead to NPEs against uninitialized fields in the proxy instance.
2018-08-05 14:19:34.340  INFO 7064 --- [http-nio-8080-exec-8] o.s.aop.framework.CglibAopProxy          : Final method [protected final void org.springframework.web.servlet.support.WebContentGenerator.applyCacheSeconds(javax.servlet.http.HttpServletResponse,int,boolean)] cannot get proxied via CGLIB: Calls to this method will NOT be routed to the target instance and might lead to NPEs against uninitialized fields in the proxy instance.
2018-08-05 14:19:34.340  INFO 7064 --- [http-nio-8080-exec-8] o.s.aop.framework.CglibAopProxy          : Final method [public final void org.springframework.web.servlet.support.WebContentGenerator.setUseCacheControlNoStore(boolean)] cannot get proxied via CGLIB: Calls to this method will NOT be routed to the target instance and might lead to NPEs against uninitialized fields in the proxy instance.
2018-08-05 14:19:34.340  INFO 7064 --- [http-nio-8080-exec-8] o.s.aop.framework.CglibAopProxy          : Final method [public final boolean org.springframework.web.servlet.support.WebContentGenerator.isUseCacheControlHeader()] cannot get proxied via CGLIB: Calls to this method will NOT be routed to the target instance and might lead to NPEs against uninitialized fields in the proxy instance.
2018-08-05 14:19:34.341  INFO 7064 --- [http-nio-8080-exec-8] o.s.aop.framework.CglibAopProxy          : Final method [public final void org.springframework.web.servlet.support.WebContentGenerator.setVaryByRequestHeaders(java.lang.String[])] cannot get proxied via CGLIB: Calls to this method will NOT be routed to the target instance and might lead to NPEs against uninitialized fields in the proxy instance.
2018-08-05 14:19:34.341  INFO 7064 --- [http-nio-8080-exec-8] o.s.aop.framework.CglibAopProxy          : Final method [public final void org.springframework.web.servlet.support.WebContentGenerator.setUseExpiresHeader(boolean)] cannot get proxied via CGLIB: Calls to this method will NOT be routed to the target instance and might lead to NPEs against uninitialized fields in the proxy instance.
2018-08-05 14:19:34.342  INFO 7064 --- [http-nio-8080-exec-8] o.s.aop.framework.CglibAopProxy          : Final method [protected final void org.springframework.web.servlet.support.WebContentGenerator.applyCacheControl(javax.servlet.http.HttpServletResponse,org.springframework.http.CacheControl)] cannot get proxied via CGLIB: Calls to this method will NOT be routed to the target instance and might lead to NPEs against uninitialized fields in the proxy instance.
2018-08-05 14:19:34.342  INFO 7064 --- [http-nio-8080-exec-8] o.s.aop.framework.CglibAopProxy          : Final method [public final java.lang.String[] org.springframework.web.servlet.support.WebContentGenerator.getVaryByRequestHeaders()] cannot get proxied via CGLIB: Calls to this method will NOT be routed to the target instance and might lead to NPEs against uninitialized fields in the proxy instance.
2018-08-05 14:19:34.342  INFO 7064 --- [http-nio-8080-exec-8] o.s.aop.framework.CglibAopProxy          : Final method [public final boolean org.springframework.web.servlet.support.WebContentGenerator.isUseExpiresHeader()] cannot get proxied via CGLIB: Calls to this method will NOT be routed to the target instance and might lead to NPEs against uninitialized fields in the proxy instance.
2018-08-05 14:19:34.342  INFO 7064 --- [http-nio-8080-exec-8] o.s.aop.framework.CglibAopProxy          : Final method [public final void org.springframework.web.servlet.support.WebContentGenerator.setAlwaysMustRevalidate(boolean)] cannot get proxied via CGLIB: Calls to this method will NOT be routed to the target instance and might lead to NPEs against uninitialized fields in the proxy instance.
2018-08-05 14:19:34.342  INFO 7064 --- [http-nio-8080-exec-8] o.s.aop.framework.CglibAopProxy          : Final method [public final boolean org.springframework.web.servlet.support.WebContentGenerator.isRequireSession()] cannot get proxied via CGLIB: Calls to this method will NOT be routed to the target instance and might lead to NPEs against uninitialized fields in the proxy instance.
2018-08-05 14:19:34.342  INFO 7064 --- [http-nio-8080-exec-8] o.s.aop.framework.CglibAopProxy          : Final method [public final org.springframework.http.CacheControl org.springframework.web.servlet.support.WebContentGenerator.getCacheControl()] cannot get proxied via CGLIB: Calls to this method will NOT be routed to the target instance and might lead to NPEs against uninitialized fields in the proxy instance.
2018-08-05 14:19:34.342  INFO 7064 --- [http-nio-8080-exec-8] o.s.aop.framework.CglibAopProxy          : Final method [public final void org.springframework.web.servlet.support.WebContentGenerator.setCacheSeconds(int)] cannot get proxied via CGLIB: Calls to this method will NOT be routed to the target instance and might lead to NPEs against uninitialized fields in the proxy instance.
2018-08-05 14:19:34.342  INFO 7064 --- [http-nio-8080-exec-8] o.s.aop.framework.CglibAopProxy          : Final method [protected final void org.springframework.web.servlet.support.WebContentGenerator.checkAndPrepare(javax.servlet.http.HttpServletRequest,javax.servlet.http.HttpServletResponse,boolean) throws javax.servlet.ServletException] cannot get proxied via CGLIB: Calls to this method will NOT be routed to the target instance and might lead to NPEs against uninitialized fields in the proxy instance.
2018-08-05 14:19:34.343  INFO 7064 --- [http-nio-8080-exec-8] o.s.aop.framework.CglibAopProxy          : Final method [protected final void org.springframework.web.servlet.support.WebContentGenerator.checkAndPrepare(javax.servlet.http.HttpServletRequest,javax.servlet.http.HttpServletResponse,int,boolean) throws javax.servlet.ServletException] cannot get proxied via CGLIB: Calls to this method will NOT be routed to the target instance and might lead to NPEs against uninitialized fields in the proxy instance.
2018-08-05 14:19:34.343  INFO 7064 --- [http-nio-8080-exec-8] o.s.aop.framework.CglibAopProxy          : Final method [protected final void org.springframework.web.servlet.support.WebContentGenerator.checkRequest(javax.servlet.http.HttpServletRequest) throws javax.servlet.ServletException] cannot get proxied via CGLIB: Calls to this method will NOT be routed to the target instance and might lead to NPEs against uninitialized fields in the proxy instance.
2018-08-05 14:19:34.343  INFO 7064 --- [http-nio-8080-exec-8] o.s.aop.framework.CglibAopProxy          : Final method [protected final void org.springframework.web.servlet.support.WebContentGenerator.preventCaching(javax.servlet.http.HttpServletResponse)] cannot get proxied via CGLIB: Calls to this method will NOT be routed to the target instance and might lead to NPEs against uninitialized fields in the proxy instance.
2018-08-05 14:19:34.343  INFO 7064 --- [http-nio-8080-exec-8] o.s.aop.framework.CglibAopProxy          : Final method [public final void org.springframework.web.servlet.support.WebContentGenerator.setCacheControl(org.springframework.http.CacheControl)] cannot get proxied via CGLIB: Calls to this method will NOT be routed to the target instance and might lead to NPEs against uninitialized fields in the proxy instance.
2018-08-05 14:19:34.343  INFO 7064 --- [http-nio-8080-exec-8] o.s.aop.framework.CglibAopProxy          : Final method [protected final void org.springframework.web.servlet.support.WebContentGenerator.prepareResponse(javax.servlet.http.HttpServletResponse)] cannot get proxied via CGLIB: Calls to this method will NOT be routed to the target instance and might lead to NPEs against uninitialized fields in the proxy instance.
2018-08-05 14:19:34.343  INFO 7064 --- [http-nio-8080-exec-8] o.s.aop.framework.CglibAopProxy          : Final method [protected final void org.springframework.web.servlet.support.WebContentGenerator.cacheForSeconds(javax.servlet.http.HttpServletResponse,int)] cannot get proxied via CGLIB: Calls to this method will NOT be routed to the target instance and might lead to NPEs against uninitialized fields in the proxy instance.
2018-08-05 14:19:34.344  INFO 7064 --- [http-nio-8080-exec-8] o.s.aop.framework.CglibAopProxy          : Final method [protected final void org.springframework.web.servlet.support.WebContentGenerator.cacheForSeconds(javax.servlet.http.HttpServletResponse,int,boolean)] cannot get proxied via CGLIB: Calls to this method will NOT be routed to the target instance and might lead to NPEs against uninitialized fields in the proxy instance.
2018-08-05 14:19:34.344  INFO 7064 --- [http-nio-8080-exec-8] o.s.aop.framework.CglibAopProxy          : Final method [public final int org.springframework.web.servlet.support.WebContentGenerator.getCacheSeconds()] cannot get proxied via CGLIB: Calls to this method will NOT be routed to the target instance and might lead to NPEs against uninitialized fields in the proxy instance.
2018-08-05 14:19:34.344  WARN 7064 --- [http-nio-8080-exec-8] o.s.aop.framework.CglibAopProxy          : Unable to proxy interface-implementing method [public final void org.springframework.web.context.support.WebApplicationObjectSupport.setServletContext(javax.servlet.ServletContext)] because it is marked as final: Consider using interface-based JDK proxies instead!
2018-08-05 14:19:34.344  INFO 7064 --- [http-nio-8080-exec-8] o.s.aop.framework.CglibAopProxy          : Final method [public final void org.springframework.web.context.support.WebApplicationObjectSupport.setServletContext(javax.servlet.ServletContext)] cannot get proxied via CGLIB: Calls to this method will NOT be routed to the target instance and might lead to NPEs against uninitialized fields in the proxy instance.
2018-08-05 14:19:34.344  INFO 7064 --- [http-nio-8080-exec-8] o.s.aop.framework.CglibAopProxy          : Final method [protected final javax.servlet.ServletContext org.springframework.web.context.support.WebApplicationObjectSupport.getServletContext() throws java.lang.IllegalStateException] cannot get proxied via CGLIB: Calls to this method will NOT be routed to the target instance and might lead to NPEs against uninitialized fields in the proxy instance.
2018-08-05 14:19:34.344  INFO 7064 --- [http-nio-8080-exec-8] o.s.aop.framework.CglibAopProxy          : Final method [protected final org.springframework.web.context.WebApplicationContext org.springframework.web.context.support.WebApplicationObjectSupport.getWebApplicationContext() throws java.lang.IllegalStateException] cannot get proxied via CGLIB: Calls to this method will NOT be routed to the target instance and might lead to NPEs against uninitialized fields in the proxy instance.
2018-08-05 14:19:34.345  INFO 7064 --- [http-nio-8080-exec-8] o.s.aop.framework.CglibAopProxy          : Final method [protected final java.io.File org.springframework.web.context.support.WebApplicationObjectSupport.getTempDir() throws java.lang.IllegalStateException] cannot get proxied via CGLIB: Calls to this method will NOT be routed to the target instance and might lead to NPEs against uninitialized fields in the proxy instance.
2018-08-05 14:19:34.345  INFO 7064 --- [http-nio-8080-exec-8] o.s.aop.framework.CglibAopProxy          : Final method [public final org.springframework.context.ApplicationContext org.springframework.context.support.ApplicationObjectSupport.getApplicationContext() throws java.lang.IllegalStateException] cannot get proxied via CGLIB: Calls to this method will NOT be routed to the target instance and might lead to NPEs against uninitialized fields in the proxy instance.
2018-08-05 14:19:34.345  WARN 7064 --- [http-nio-8080-exec-8] o.s.aop.framework.CglibAopProxy          : Unable to proxy interface-implementing method [public final void org.springframework.context.support.ApplicationObjectSupport.setApplicationContext(org.springframework.context.ApplicationContext) throws org.springframework.beans.BeansException] because it is marked as final: Consider using interface-based JDK proxies instead!
2018-08-05 14:19:34.345  INFO 7064 --- [http-nio-8080-exec-8] o.s.aop.framework.CglibAopProxy          : Final method [public final void org.springframework.context.support.ApplicationObjectSupport.setApplicationContext(org.springframework.context.ApplicationContext) throws org.springframework.beans.BeansException] cannot get proxied via CGLIB: Calls to this method will NOT be routed to the target instance and might lead to NPEs against uninitialized fields in the proxy instance.
2018-08-05 14:19:34.345  INFO 7064 --- [http-nio-8080-exec-8] o.s.aop.framework.CglibAopProxy          : Final method [protected final org.springframework.context.support.MessageSourceAccessor org.springframework.context.support.ApplicationObjectSupport.getMessageSourceAccessor() throws java.lang.IllegalStateException] cannot get proxied via CGLIB: Calls to this method will NOT be routed to the target instance and might lead to NPEs against uninitialized fields in the proxy instance.
2018-08-05 14:19:34.707 DEBUG 7064 --- [http-nio-8080-exec-8] c.j.b.u.mapper.UserMapper.selectAllUser  : ==>  Preparing: select userid, username, password, isEnabled from t_user limit 1,10 
2018-08-05 14:19:34.726 DEBUG 7064 --- [http-nio-8080-exec-8] c.j.b.u.mapper.UserMapper.selectAllUser  : ==> Parameters: 
2018-08-05 14:19:34.749 DEBUG 7064 --- [http-nio-8080-exec-8] c.j.b.u.mapper.UserMapper.selectAllUser  : <==      Total: 10
2018-08-05 14:19:34.751 DEBUG 7064 --- [http-nio-8080-exec-8] c.j.b.u.m.UserMapper.selectAllUserCount  : ==>  Preparing: select count(*) count from t_user 
2018-08-05 14:19:34.751 DEBUG 7064 --- [http-nio-8080-exec-8] c.j.b.u.m.UserMapper.selectAllUserCount  : ==> Parameters: 
2018-08-05 14:19:34.762 DEBUG 7064 --- [http-nio-8080-exec-8] c.j.b.u.m.UserMapper.selectAllUserCount  : <==      Total: 1
2018-08-05 14:20:00.005  INFO 7064 --- [MyExecutor-4] c.j.b.scheduledtask.ScheduledTask        : *****多线程定时器1(5s/次)运行中*****
2018-08-05 14:20:00.006  INFO 7064 --- [MyExecutor-1] c.j.b.scheduledtask.ScheduledTask        : *****多线程定时器2(5s/次)运行中*****
2018-08-05 14:20:16.515  INFO 7064 --- [http-nio-8080-exec-5] com.filter.SessionFilter                 : SessionFilter
2018-08-05 14:20:16.541  INFO 7064 --- [MyExecutor-5] c.j.b.c.service.impl.CommonServiceImpl   : *****开始发送邮件****
2018-08-05 14:20:17.541  INFO 7064 --- [MyExecutor-5] c.j.b.c.service.impl.CommonServiceImpl   : *****结束发送邮件****
2018-08-05 14:20:30.002  INFO 7064 --- [MyExecutor-2] c.j.b.scheduledtask.ScheduledTask        : *****多线程定时器1(5s/次)运行中*****
2018-08-05 14:20:30.002  INFO 7064 --- [MyExecutor-3] c.j.b.scheduledtask.ScheduledTask        : *****多线程定时器2(5s/次)运行中*****
2018-08-05 14:21:00.000  INFO 7064 --- [MyExecutor-4] c.j.b.scheduledtask.ScheduledTask        : *****多线程定时器1(5s/次)运行中*****
2018-08-05 14:21:00.000  INFO 7064 --- [MyExecutor-1] c.j.b.scheduledtask.ScheduledTask        : *****多线程定时器2(5s/次)运行中*****
2018-08-05 14:21:30.001  INFO 7064 --- [MyExecutor-5] c.j.b.scheduledtask.ScheduledTask        : *****多线程定时器1(5s/次)运行中*****
2018-08-05 14:21:30.001  INFO 7064 --- [MyExecutor-2] c.j.b.scheduledtask.ScheduledTask        : *****多线程定时器2(5s/次)运行中*****
2018-08-05 14:22:00.006  INFO 7064 --- [MyExecutor-3] c.j.b.scheduledtask.ScheduledTask        : *****多线程定时器1(5s/次)运行中*****
2018-08-05 14:22:00.009  INFO 7064 --- [MyExecutor-4] c.j.b.scheduledtask.ScheduledTask        : *****多线程定时器2(5s/次)运行中*****
2018-08-05 14:22:30.002  INFO 7064 --- [MyExecutor-1] c.j.b.scheduledtask.ScheduledTask        : *****多线程定时器2(5s/次)运行中*****
2018-08-05 14:22:30.003  INFO 7064 --- [MyExecutor-5] c.j.b.scheduledtask.ScheduledTask        : *****多线程定时器1(5s/次)运行中*****
2018-08-05 14:23:00.003  INFO 7064 --- [MyExecutor-2] c.j.b.scheduledtask.ScheduledTask        : *****多线程定时器1(5s/次)运行中*****
2018-08-05 14:23:00.005  INFO 7064 --- [MyExecutor-3] c.j.b.scheduledtask.ScheduledTask        : *****多线程定时器2(5s/次)运行中*****
2018-08-05 14:23:30.001  INFO 7064 --- [MyExecutor-4] c.j.b.scheduledtask.ScheduledTask        : *****多线程定时器1(5s/次)运行中*****
2018-08-05 14:23:30.001  INFO 7064 --- [MyExecutor-1] c.j.b.scheduledtask.ScheduledTask        : *****多线程定时器2(5s/次)运行中*****
2018-08-05 14:24:00.005  INFO 7064 --- [MyExecutor-5] c.j.b.scheduledtask.ScheduledTask        : *****多线程定时器2(5s/次)运行中*****
2018-08-05 14:24:00.007  INFO 7064 --- [MyExecutor-2] c.j.b.scheduledtask.ScheduledTask        : *****多线程定时器1(5s/次)运行中*****
2018-08-05 14:24:30.001  INFO 7064 --- [MyExecutor-3] c.j.b.scheduledtask.ScheduledTask        : *****多线程定时器1(5s/次)运行中*****
2018-08-05 14:24:30.001  INFO 7064 --- [MyExecutor-4] c.j.b.scheduledtask.ScheduledTask        : *****多线程定时器2(5s/次)运行中*****
2018-08-05 14:25:00.001  INFO 7064 --- [MyExecutor-1] c.j.b.scheduledtask.ScheduledTask        : *****多线程定时器2(5s/次)运行中*****
2018-08-05 14:25:00.002  INFO 7064 --- [MyExecutor-5] c.j.b.scheduledtask.ScheduledTask        : *****多线程定时器1(5s/次)运行中*****
2018-08-05 14:25:30.002  INFO 7064 --- [MyExecutor-2] c.j.b.scheduledtask.ScheduledTask        : *****多线程定时器2(5s/次)运行中*****
2018-08-05 14:25:30.003  INFO 7064 --- [MyExecutor-3] c.j.b.scheduledtask.ScheduledTask        : *****多线程定时器1(5s/次)运行中*****
2018-08-05 14:26:00.006  INFO 7064 --- [MyExecutor-4] c.j.b.scheduledtask.ScheduledTask        : *****多线程定时器2(5s/次)运行中*****
2018-08-05 14:26:00.006  INFO 7064 --- [MyExecutor-1] c.j.b.scheduledtask.ScheduledTask        : *****多线程定时器1(5s/次)运行中*****
2018-08-05 14:26:30.001  INFO 7064 --- [MyExecutor-5] c.j.b.scheduledtask.ScheduledTask        : *****多线程定时器2(5s/次)运行中*****
2018-08-05 14:26:30.001  INFO 7064 --- [MyExecutor-2] c.j.b.scheduledtask.ScheduledTask        : *****多线程定时器1(5s/次)运行中*****
2018-08-05 14:27:00.013  INFO 7064 --- [MyExecutor-3] c.j.b.scheduledtask.ScheduledTask        : *****多线程定时器2(5s/次)运行中*****
2018-08-05 14:27:00.013  INFO 7064 --- [MyExecutor-4] c.j.b.scheduledtask.ScheduledTask        : *****多线程定时器1(5s/次)运行中*****
2018-08-05 14:27:30.001  INFO 7064 --- [MyExecutor-1] c.j.b.scheduledtask.ScheduledTask        : *****多线程定时器2(5s/次)运行中*****
2018-08-05 14:27:30.001  INFO 7064 --- [MyExecutor-5] c.j.b.scheduledtask.ScheduledTask        : *****多线程定时器1(5s/次)运行中*****
2018-08-05 14:28:00.004  INFO 7064 --- [MyExecutor-2] c.j.b.scheduledtask.ScheduledTask        : *****多线程定时器2(5s/次)运行中*****
2018-08-05 14:28:00.006  INFO 7064 --- [MyExecutor-3] c.j.b.scheduledtask.ScheduledTask        : *****多线程定时器1(5s/次)运行中*****
2018-08-05 14:28:30.002  INFO 7064 --- [MyExecutor-4] c.j.b.scheduledtask.ScheduledTask        : *****多线程定时器1(5s/次)运行中*****
2018-08-05 14:28:30.002  INFO 7064 --- [MyExecutor-1] c.j.b.scheduledtask.ScheduledTask        : *****多线程定时器2(5s/次)运行中*****
2018-08-05 14:29:00.004  INFO 7064 --- [MyExecutor-5] c.j.b.scheduledtask.ScheduledTask        : *****多线程定时器2(5s/次)运行中*****
2018-08-05 14:29:00.006  INFO 7064 --- [MyExecutor-2] c.j.b.scheduledtask.ScheduledTask        : *****多线程定时器1(5s/次)运行中*****
2018-08-05 14:29:30.001  INFO 7064 --- [MyExecutor-3] c.j.b.scheduledtask.ScheduledTask        : *****多线程定时器1(5s/次)运行中*****
2018-08-05 14:29:30.001  INFO 7064 --- [MyExecutor-4] c.j.b.scheduledtask.ScheduledTask        : *****多线程定时器2(5s/次)运行中*****
2018-08-05 14:30:00.004  INFO 7064 --- [MyExecutor-1] c.j.b.scheduledtask.ScheduledTask        : *****多线程定时器1(5s/次)运行中*****
2018-08-05 14:30:00.005  INFO 7064 --- [MyExecutor-5] c.j.b.scheduledtask.ScheduledTask        : *****多线程定时器2(5s/次)运行中*****
2018-08-05 14:30:30.001  INFO 7064 --- [MyExecutor-2] c.j.b.scheduledtask.ScheduledTask        : *****多线程定时器2(5s/次)运行中*****
2018-08-05 14:30:30.001  INFO 7064 --- [MyExecutor-3] c.j.b.scheduledtask.ScheduledTask        : *****多线程定时器1(5s/次)运行中*****
2018-08-05 14:31:00.004  INFO 7064 --- [MyExecutor-4] c.j.b.scheduledtask.ScheduledTask        : *****多线程定时器2(5s/次)运行中*****
2018-08-05 14:31:00.005  INFO 7064 --- [MyExecutor-1] c.j.b.scheduledtask.ScheduledTask        : *****多线程定时器1(5s/次)运行中*****
2018-08-05 14:31:30.000  INFO 7064 --- [MyExecutor-5] c.j.b.scheduledtask.ScheduledTask        : *****多线程定时器2(5s/次)运行中*****
2018-08-05 14:31:30.000  INFO 7064 --- [MyExecutor-2] c.j.b.scheduledtask.ScheduledTask        : *****多线程定时器1(5s/次)运行中*****
2018-08-05 14:32:00.005  INFO 7064 --- [MyExecutor-3] c.j.b.scheduledtask.ScheduledTask        : *****多线程定时器2(5s/次)运行中*****
2018-08-05 14:32:00.005  INFO 7064 --- [MyExecutor-4] c.j.b.scheduledtask.ScheduledTask        : *****多线程定时器1(5s/次)运行中*****
2018-08-05 14:32:30.002  INFO 7064 --- [MyExecutor-1] c.j.b.scheduledtask.ScheduledTask        : *****多线程定时器2(5s/次)运行中*****
2018-08-05 14:32:30.002  INFO 7064 --- [MyExecutor-5] c.j.b.scheduledtask.ScheduledTask        : *****多线程定时器1(5s/次)运行中*****
2018-08-05 14:33:00.002  INFO 7064 --- [MyExecutor-2] c.j.b.scheduledtask.ScheduledTask        : *****多线程定时器2(5s/次)运行中*****
2018-08-05 14:33:00.003  INFO 7064 --- [MyExecutor-3] c.j.b.scheduledtask.ScheduledTask        : *****多线程定时器1(5s/次)运行中*****
2018-08-05 14:33:30.001  INFO 7064 --- [MyExecutor-4] c.j.b.scheduledtask.ScheduledTask        : *****多线程定时器1(5s/次)运行中*****
2018-08-05 14:33:30.001  INFO 7064 --- [MyExecutor-1] c.j.b.scheduledtask.ScheduledTask        : *****多线程定时器2(5s/次)运行中*****
2018-08-05 14:34:00.005  INFO 7064 --- [MyExecutor-5] c.j.b.scheduledtask.ScheduledTask        : *****多线程定时器1(5s/次)运行中*****
2018-08-05 14:34:00.006  INFO 7064 --- [MyExecutor-2] c.j.b.scheduledtask.ScheduledTask        : *****多线程定时器2(5s/次)运行中*****
2018-08-05 14:34:30.001  INFO 7064 --- [MyExecutor-3] c.j.b.scheduledtask.ScheduledTask        : *****多线程定时器2(5s/次)运行中*****
2018-08-05 14:34:30.001  INFO 7064 --- [MyExecutor-4] c.j.b.scheduledtask.ScheduledTask        : *****多线程定时器1(5s/次)运行中*****
2018-08-05 14:35:00.004  INFO 7064 --- [MyExecutor-1] c.j.b.scheduledtask.ScheduledTask        : *****多线程定时器2(5s/次)运行中*****
2018-08-05 14:35:00.005  INFO 7064 --- [MyExecutor-1] c.j.b.scheduledtask.ScheduledTask        : *****多线程定时器1(5s/次)运行中*****
2018-08-05 14:35:30.001  INFO 7064 --- [MyExecutor-2] c.j.b.scheduledtask.ScheduledTask        : *****多线程定时器2(5s/次)运行中*****
2018-08-05 14:35:30.001  INFO 7064 --- [MyExecutor-3] c.j.b.scheduledtask.ScheduledTask        : *****多线程定时器1(5s/次)运行中*****
2018-08-05 14:36:00.004  INFO 7064 --- [MyExecutor-4] c.j.b.scheduledtask.ScheduledTask        : *****多线程定时器2(5s/次)运行中*****
2018-08-05 14:36:00.005  INFO 7064 --- [MyExecutor-1] c.j.b.scheduledtask.ScheduledTask        : *****多线程定时器1(5s/次)运行中*****
2018-08-05 14:36:30.001  INFO 7064 --- [MyExecutor-5] c.j.b.scheduledtask.ScheduledTask        : *****多线程定时器1(5s/次)运行中*****
2018-08-05 14:36:30.001  INFO 7064 --- [MyExecutor-2] c.j.b.scheduledtask.ScheduledTask        : *****多线程定时器2(5s/次)运行中*****
2018-08-05 14:37:00.003  INFO 7064 --- [MyExecutor-3] c.j.b.scheduledtask.ScheduledTask        : *****多线程定时器1(5s/次)运行中*****
2018-08-05 14:37:00.004  INFO 7064 --- [MyExecutor-4] c.j.b.scheduledtask.ScheduledTask        : *****多线程定时器2(5s/次)运行中*****
2018-08-05 14:37:30.002  INFO 7064 --- [MyExecutor-1] c.j.b.scheduledtask.ScheduledTask        : *****多线程定时器1(5s/次)运行中*****
2018-08-05 14:37:30.002  INFO 7064 --- [MyExecutor-5] c.j.b.scheduledtask.ScheduledTask        : *****多线程定时器2(5s/次)运行中*****
2018-08-05 14:38:00.004  INFO 7064 --- [MyExecutor-2] c.j.b.scheduledtask.ScheduledTask        : *****多线程定时器2(5s/次)运行中*****
2018-08-05 14:38:00.006  INFO 7064 --- [MyExecutor-3] c.j.b.scheduledtask.ScheduledTask        : *****多线程定时器1(5s/次)运行中*****
2018-08-05 14:38:30.001  INFO 7064 --- [MyExecutor-4] c.j.b.scheduledtask.ScheduledTask        : *****多线程定时器1(5s/次)运行中*****
2018-08-05 14:38:30.001  INFO 7064 --- [MyExecutor-1] c.j.b.scheduledtask.ScheduledTask        : *****多线程定时器2(5s/次)运行中*****
2018-08-05 14:39:00.004  INFO 7064 --- [MyExecutor-5] c.j.b.scheduledtask.ScheduledTask        : *****多线程定时器1(5s/次)运行中*****
2018-08-05 14:39:00.007  INFO 7064 --- [MyExecutor-2] c.j.b.scheduledtask.ScheduledTask        : *****多线程定时器2(5s/次)运行中*****
2018-08-05 14:39:30.002  INFO 7064 --- [MyExecutor-3] c.j.b.scheduledtask.ScheduledTask        : *****多线程定时器1(5s/次)运行中*****
2018-08-05 14:39:30.002  INFO 7064 --- [MyExecutor-4] c.j.b.scheduledtask.ScheduledTask        : *****多线程定时器2(5s/次)运行中*****
2018-08-05 14:40:00.004  INFO 7064 --- [MyExecutor-1] c.j.b.scheduledtask.ScheduledTask        : *****多线程定时器1(5s/次)运行中*****
2018-08-05 14:40:00.005  INFO 7064 --- [MyExecutor-5] c.j.b.scheduledtask.ScheduledTask        : *****多线程定时器2(5s/次)运行中*****
2018-08-05 14:40:30.001  INFO 7064 --- [MyExecutor-2] c.j.b.scheduledtask.ScheduledTask        : *****多线程定时器2(5s/次)运行中*****
2018-08-05 14:40:30.001  INFO 7064 --- [MyExecutor-3] c.j.b.scheduledtask.ScheduledTask        : *****多线程定时器1(5s/次)运行中*****
2018-08-05 14:41:00.004  INFO 7064 --- [MyExecutor-4] c.j.b.scheduledtask.ScheduledTask        : *****多线程定时器2(5s/次)运行中*****
2018-08-05 14:41:00.005  INFO 7064 --- [MyExecutor-1] c.j.b.scheduledtask.ScheduledTask        : *****多线程定时器1(5s/次)运行中*****
2018-08-05 14:41:30.001  INFO 7064 --- [MyExecutor-5] c.j.b.scheduledtask.ScheduledTask        : *****多线程定时器2(5s/次)运行中*****
2018-08-05 14:41:30.001  INFO 7064 --- [MyExecutor-2] c.j.b.scheduledtask.ScheduledTask        : *****多线程定时器1(5s/次)运行中*****
2018-08-05 14:42:00.000  INFO 7064 --- [MyExecutor-3] c.j.b.scheduledtask.ScheduledTask        : *****多线程定时器1(5s/次)运行中*****
2018-08-05 14:42:00.000  INFO 7064 --- [MyExecutor-4] c.j.b.scheduledtask.ScheduledTask        : *****多线程定时器2(5s/次)运行中*****
2018-08-05 14:42:30.002  INFO 7064 --- [MyExecutor-1] c.j.b.scheduledtask.ScheduledTask        : *****多线程定时器2(5s/次)运行中*****
2018-08-05 14:42:30.002  INFO 7064 --- [MyExecutor-5] c.j.b.scheduledtask.ScheduledTask        : *****多线程定时器1(5s/次)运行中*****
2018-08-05 14:43:00.004  INFO 7064 --- [MyExecutor-2] c.j.b.scheduledtask.ScheduledTask        : *****多线程定时器2(5s/次)运行中*****
2018-08-05 14:43:00.006  INFO 7064 --- [MyExecutor-3] c.j.b.scheduledtask.ScheduledTask        : *****多线程定时器1(5s/次)运行中*****
2018-08-05 14:43:30.001  INFO 7064 --- [MyExecutor-4] c.j.b.scheduledtask.ScheduledTask        : *****多线程定时器1(5s/次)运行中*****
2018-08-05 14:43:30.001  INFO 7064 --- [MyExecutor-1] c.j.b.scheduledtask.ScheduledTask        : *****多线程定时器2(5s/次)运行中*****
2018-08-05 14:44:00.005  INFO 7064 --- [MyExecutor-5] c.j.b.scheduledtask.ScheduledTask        : *****多线程定时器1(5s/次)运行中*****
2018-08-05 14:44:00.006  INFO 7064 --- [MyExecutor-2] c.j.b.scheduledtask.ScheduledTask        : *****多线程定时器2(5s/次)运行中*****
2018-08-05 14:44:30.000  INFO 7064 --- [MyExecutor-3] c.j.b.scheduledtask.ScheduledTask        : *****多线程定时器1(5s/次)运行中*****
2018-08-05 14:44:30.002  INFO 7064 --- [MyExecutor-4] c.j.b.scheduledtask.ScheduledTask        : *****多线程定时器2(5s/次)运行中*****
2018-08-05 14:45:00.004  INFO 7064 --- [MyExecutor-1] c.j.b.scheduledtask.ScheduledTask        : *****多线程定时器2(5s/次)运行中*****
2018-08-05 14:45:00.005  INFO 7064 --- [MyExecutor-5] c.j.b.scheduledtask.ScheduledTask        : *****多线程定时器1(5s/次)运行中*****
2018-08-05 14:45:30.002  INFO 7064 --- [MyExecutor-2] c.j.b.scheduledtask.ScheduledTask        : *****多线程定时器2(5s/次)运行中*****
2018-08-05 14:45:30.002  INFO 7064 --- [MyExecutor-3] c.j.b.scheduledtask.ScheduledTask        : *****多线程定时器1(5s/次)运行中*****
2018-08-05 14:46:00.004  INFO 7064 --- [MyExecutor-4] c.j.b.scheduledtask.ScheduledTask        : *****多线程定时器2(5s/次)运行中*****
2018-08-05 14:46:00.005  INFO 7064 --- [MyExecutor-1] c.j.b.scheduledtask.ScheduledTask        : *****多线程定时器1(5s/次)运行中*****
2018-08-05 14:46:30.002  INFO 7064 --- [MyExecutor-5] c.j.b.scheduledtask.ScheduledTask        : *****多线程定时器2(5s/次)运行中*****
2018-08-05 14:46:30.002  INFO 7064 --- [MyExecutor-2] c.j.b.scheduledtask.ScheduledTask        : *****多线程定时器1(5s/次)运行中*****
2018-08-05 14:47:00.005  INFO 7064 --- [MyExecutor-3] c.j.b.scheduledtask.ScheduledTask        : *****多线程定时器2(5s/次)运行中*****
2018-08-05 14:47:00.008  INFO 7064 --- [MyExecutor-4] c.j.b.scheduledtask.ScheduledTask        : *****多线程定时器1(5s/次)运行中*****
2018-08-05 14:47:30.001  INFO 7064 --- [MyExecutor-1] c.j.b.scheduledtask.ScheduledTask        : *****多线程定时器1(5s/次)运行中*****
2018-08-05 14:47:30.001  INFO 7064 --- [MyExecutor-5] c.j.b.scheduledtask.ScheduledTask        : *****多线程定时器2(5s/次)运行中*****
2018-08-05 14:48:00.004  INFO 7064 --- [MyExecutor-2] c.j.b.scheduledtask.ScheduledTask        : *****多线程定时器2(5s/次)运行中*****
2018-08-05 14:48:00.005  INFO 7064 --- [MyExecutor-3] c.j.b.scheduledtask.ScheduledTask        : *****多线程定时器1(5s/次)运行中*****
2018-08-05 14:48:30.001  INFO 7064 --- [MyExecutor-4] c.j.b.scheduledtask.ScheduledTask        : *****多线程定时器1(5s/次)运行中*****
2018-08-05 14:48:30.001  INFO 7064 --- [MyExecutor-1] c.j.b.scheduledtask.ScheduledTask        : *****多线程定时器2(5s/次)运行中*****
2018-08-05 14:49:00.000  INFO 7064 --- [MyExecutor-5] c.j.b.scheduledtask.ScheduledTask        : *****多线程定时器1(5s/次)运行中*****
2018-08-05 14:49:00.001  INFO 7064 --- [MyExecutor-2] c.j.b.scheduledtask.ScheduledTask        : *****多线程定时器2(5s/次)运行中*****
2018-08-05 14:49:30.001  INFO 7064 --- [MyExecutor-3] c.j.b.scheduledtask.ScheduledTask        : *****多线程定时器2(5s/次)运行中*****
2018-08-05 14:49:30.001  INFO 7064 --- [MyExecutor-3] c.j.b.scheduledtask.ScheduledTask        : *****多线程定时器1(5s/次)运行中*****
2018-08-05 14:50:00.004  INFO 7064 --- [MyExecutor-1] c.j.b.scheduledtask.ScheduledTask        : *****多线程定时器2(5s/次)运行中*****
2018-08-05 14:50:00.004  INFO 7064 --- [MyExecutor-5] c.j.b.scheduledtask.ScheduledTask        : *****多线程定时器1(5s/次)运行中*****
2018-08-05 14:50:30.002  INFO 7064 --- [MyExecutor-2] c.j.b.scheduledtask.ScheduledTask        : *****多线程定时器1(5s/次)运行中*****
2018-08-05 14:50:30.002  INFO 7064 --- [MyExecutor-4] c.j.b.scheduledtask.ScheduledTask        : *****多线程定时器2(5s/次)运行中*****
2018-08-05 14:51:00.004  INFO 7064 --- [MyExecutor-3] c.j.b.scheduledtask.ScheduledTask        : *****多线程定时器1(5s/次)运行中*****
2018-08-05 14:51:00.007  INFO 7064 --- [MyExecutor-1] c.j.b.scheduledtask.ScheduledTask        : *****多线程定时器2(5s/次)运行中*****
2018-08-05 14:51:30.002  INFO 7064 --- [MyExecutor-5] c.j.b.scheduledtask.ScheduledTask        : *****多线程定时器2(5s/次)运行中*****
2018-08-05 14:51:30.002  INFO 7064 --- [MyExecutor-2] c.j.b.scheduledtask.ScheduledTask        : *****多线程定时器1(5s/次)运行中*****
2018-08-05 14:52:00.003  INFO 7064 --- [MyExecutor-4] c.j.b.scheduledtask.ScheduledTask        : *****多线程定时器2(5s/次)运行中*****
2018-08-05 14:52:00.004  INFO 7064 --- [MyExecutor-3] c.j.b.scheduledtask.ScheduledTask        : *****多线程定时器1(5s/次)运行中*****
2018-08-05 14:52:30.000  INFO 7064 --- [MyExecutor-1] c.j.b.scheduledtask.ScheduledTask        : *****多线程定时器2(5s/次)运行中*****
2018-08-05 14:52:30.000  INFO 7064 --- [MyExecutor-5] c.j.b.scheduledtask.ScheduledTask        : *****多线程定时器1(5s/次)运行中*****
2018-08-05 14:53:00.004  INFO 7064 --- [MyExecutor-2] c.j.b.scheduledtask.ScheduledTask        : *****多线程定时器2(5s/次)运行中*****
2018-08-05 14:53:00.006  INFO 7064 --- [MyExecutor-4] c.j.b.scheduledtask.ScheduledTask        : *****多线程定时器1(5s/次)运行中*****
2018-08-05 14:53:30.002  INFO 7064 --- [MyExecutor-3] c.j.b.scheduledtask.ScheduledTask        : *****多线程定时器2(5s/次)运行中*****
2018-08-05 14:53:30.002  INFO 7064 --- [MyExecutor-1] c.j.b.scheduledtask.ScheduledTask        : *****多线程定时器1(5s/次)运行中*****
2018-08-05 14:54:00.004  INFO 7064 --- [MyExecutor-5] c.j.b.scheduledtask.ScheduledTask        : *****多线程定时器2(5s/次)运行中*****
2018-08-05 14:54:00.005  INFO 7064 --- [MyExecutor-2] c.j.b.scheduledtask.ScheduledTask        : *****多线程定时器1(5s/次)运行中*****
2018-08-05 14:54:30.001  INFO 7064 --- [MyExecutor-4] c.j.b.scheduledtask.ScheduledTask        : *****多线程定时器1(5s/次)运行中*****
2018-08-05 14:54:30.001  INFO 7064 --- [MyExecutor-3] c.j.b.scheduledtask.ScheduledTask        : *****多线程定时器2(5s/次)运行中*****
2018-08-05 14:55:00.004  INFO 7064 --- [MyExecutor-1] c.j.b.scheduledtask.ScheduledTask        : *****多线程定时器1(5s/次)运行中*****
2018-08-05 14:55:00.005  INFO 7064 --- [MyExecutor-5] c.j.b.scheduledtask.ScheduledTask        : *****多线程定时器2(5s/次)运行中*****
2018-08-05 14:55:30.002  INFO 7064 --- [MyExecutor-2] c.j.b.scheduledtask.ScheduledTask        : *****多线程定时器1(5s/次)运行中*****
2018-08-05 14:55:30.002  INFO 7064 --- [MyExecutor-4] c.j.b.scheduledtask.ScheduledTask        : *****多线程定时器2(5s/次)运行中*****
2018-08-05 14:56:00.004  INFO 7064 --- [MyExecutor-3] c.j.b.scheduledtask.ScheduledTask        : *****多线程定时器1(5s/次)运行中*****
2018-08-05 14:56:00.005  INFO 7064 --- [MyExecutor-1] c.j.b.scheduledtask.ScheduledTask        : *****多线程定时器2(5s/次)运行中*****
2018-08-05 14:56:30.000  INFO 7064 --- [MyExecutor-5] c.j.b.scheduledtask.ScheduledTask        : *****多线程定时器1(5s/次)运行中*****
2018-08-05 14:56:30.000  INFO 7064 --- [MyExecutor-2] c.j.b.scheduledtask.ScheduledTask        : *****多线程定时器2(5s/次)运行中*****
2018-08-05 14:57:00.004  INFO 7064 --- [MyExecutor-4] c.j.b.scheduledtask.ScheduledTask        : *****多线程定时器1(5s/次)运行中*****
2018-08-05 14:57:00.005  INFO 7064 --- [MyExecutor-3] c.j.b.scheduledtask.ScheduledTask        : *****多线程定时器2(5s/次)运行中*****
2018-08-05 14:57:30.001  INFO 7064 --- [MyExecutor-1] c.j.b.scheduledtask.ScheduledTask        : *****多线程定时器2(5s/次)运行中*****
2018-08-05 14:57:30.001  INFO 7064 --- [MyExecutor-5] c.j.b.scheduledtask.ScheduledTask        : *****多线程定时器1(5s/次)运行中*****
2018-08-05 14:58:00.006  INFO 7064 --- [MyExecutor-2] c.j.b.scheduledtask.ScheduledTask        : *****多线程定时器2(5s/次)运行中*****
2018-08-05 14:58:00.006  INFO 7064 --- [MyExecutor-4] c.j.b.scheduledtask.ScheduledTask        : *****多线程定时器1(5s/次)运行中*****
2018-08-05 14:58:30.002  INFO 7064 --- [MyExecutor-3] c.j.b.scheduledtask.ScheduledTask        : *****多线程定时器2(5s/次)运行中*****
2018-08-05 14:58:30.002  INFO 7064 --- [MyExecutor-1] c.j.b.scheduledtask.ScheduledTask        : *****多线程定时器1(5s/次)运行中*****
2018-08-05 14:59:00.003  INFO 7064 --- [MyExecutor-5] c.j.b.scheduledtask.ScheduledTask        : *****多线程定时器2(5s/次)运行中*****
2018-08-05 14:59:00.004  INFO 7064 --- [MyExecutor-2] c.j.b.scheduledtask.ScheduledTask        : *****多线程定时器1(5s/次)运行中*****
2018-08-05 14:59:30.001  INFO 7064 --- [MyExecutor-4] c.j.b.scheduledtask.ScheduledTask        : *****多线程定时器2(5s/次)运行中*****
2018-08-05 14:59:30.001  INFO 7064 --- [MyExecutor-3] c.j.b.scheduledtask.ScheduledTask        : *****多线程定时器1(5s/次)运行中*****
2018-08-05 15:00:00.004  INFO 7064 --- [MyExecutor-1] c.j.b.scheduledtask.ScheduledTask        : *****多线程定时器2(5s/次)运行中*****
2018-08-05 15:00:00.006  INFO 7064 --- [MyExecutor-5] c.j.b.scheduledtask.ScheduledTask        : *****多线程定时器1(5s/次)运行中*****
2018-08-05 15:00:30.001  INFO 7064 --- [MyExecutor-2] c.j.b.scheduledtask.ScheduledTask        : *****多线程定时器2(5s/次)运行中*****
2018-08-05 15:00:30.001  INFO 7064 --- [MyExecutor-4] c.j.b.scheduledtask.ScheduledTask        : *****多线程定时器1(5s/次)运行中*****
2018-08-05 15:01:00.004  INFO 7064 --- [MyExecutor-3] c.j.b.scheduledtask.ScheduledTask        : *****多线程定时器2(5s/次)运行中*****
2018-08-05 15:01:00.005  INFO 7064 --- [MyExecutor-1] c.j.b.scheduledtask.ScheduledTask        : *****多线程定时器1(5s/次)运行中*****
2018-08-05 15:01:30.001  INFO 7064 --- [MyExecutor-5] c.j.b.scheduledtask.ScheduledTask        : *****多线程定时器1(5s/次)运行中*****
2018-08-05 15:01:30.002  INFO 7064 --- [MyExecutor-2] c.j.b.scheduledtask.ScheduledTask        : *****多线程定时器2(5s/次)运行中*****
2018-08-05 15:02:00.000  INFO 7064 --- [MyExecutor-4] c.j.b.scheduledtask.ScheduledTask        : *****多线程定时器1(5s/次)运行中*****
2018-08-05 15:02:00.002  INFO 7064 --- [MyExecutor-3] c.j.b.scheduledtask.ScheduledTask        : *****多线程定时器2(5s/次)运行中*****
2018-08-05 15:02:30.002  INFO 7064 --- [MyExecutor-1] c.j.b.scheduledtask.ScheduledTask        : *****多线程定时器1(5s/次)运行中*****
2018-08-05 15:02:30.002  INFO 7064 --- [MyExecutor-5] c.j.b.scheduledtask.ScheduledTask        : *****多线程定时器2(5s/次)运行中*****
2018-08-05 15:03:00.005  INFO 7064 --- [MyExecutor-2] c.j.b.scheduledtask.ScheduledTask        : *****多线程定时器1(5s/次)运行中*****
2018-08-05 15:03:00.005  INFO 7064 --- [MyExecutor-4] c.j.b.scheduledtask.ScheduledTask        : *****多线程定时器2(5s/次)运行中*****
2018-08-05 15:03:30.000  INFO 7064 --- [MyExecutor-3] c.j.b.scheduledtask.ScheduledTask        : *****多线程定时器2(5s/次)运行中*****
2018-08-05 15:03:30.002  INFO 7064 --- [MyExecutor-1] c.j.b.scheduledtask.ScheduledTask        : *****多线程定时器1(5s/次)运行中*****
2018-08-05 15:04:00.003  INFO 7064 --- [MyExecutor-5] c.j.b.scheduledtask.ScheduledTask        : *****多线程定时器1(5s/次)运行中*****
2018-08-05 15:04:00.003  INFO 7064 --- [MyExecutor-2] c.j.b.scheduledtask.ScheduledTask        : *****多线程定时器2(5s/次)运行中*****
2018-08-05 15:04:30.002  INFO 7064 --- [MyExecutor-4] c.j.b.scheduledtask.ScheduledTask        : *****多线程定时器2(5s/次)运行中*****
2018-08-05 15:04:30.002  INFO 7064 --- [MyExecutor-3] c.j.b.scheduledtask.ScheduledTask        : *****多线程定时器1(5s/次)运行中*****
2018-08-05 15:05:00.003  INFO 7064 --- [MyExecutor-1] c.j.b.scheduledtask.ScheduledTask        : *****多线程定时器2(5s/次)运行中*****
2018-08-05 15:05:00.003  INFO 7064 --- [MyExecutor-1] c.j.b.scheduledtask.ScheduledTask        : *****多线程定时器1(5s/次)运行中*****
2018-08-05 15:05:30.002  INFO 7064 --- [MyExecutor-2] c.j.b.scheduledtask.ScheduledTask        : *****多线程定时器1(5s/次)运行中*****
2018-08-05 15:05:30.002  INFO 7064 --- [MyExecutor-4] c.j.b.scheduledtask.ScheduledTask        : *****多线程定时器2(5s/次)运行中*****
2018-08-05 15:06:00.000  INFO 7064 --- [MyExecutor-3] c.j.b.scheduledtask.ScheduledTask        : *****多线程定时器1(5s/次)运行中*****
2018-08-05 15:06:00.000  INFO 7064 --- [MyExecutor-1] c.j.b.scheduledtask.ScheduledTask        : *****多线程定时器2(5s/次)运行中*****
2018-08-05 15:06:30.000  INFO 7064 --- [MyExecutor-5] c.j.b.scheduledtask.ScheduledTask        : *****多线程定时器2(5s/次)运行中*****
2018-08-05 15:06:30.000  INFO 7064 --- [MyExecutor-2] c.j.b.scheduledtask.ScheduledTask        : *****多线程定时器1(5s/次)运行中*****
2018-08-05 15:07:00.005  INFO 7064 --- [MyExecutor-4] c.j.b.scheduledtask.ScheduledTask        : *****多线程定时器2(5s/次)运行中*****
2018-08-05 15:07:00.005  INFO 7064 --- [MyExecutor-3] c.j.b.scheduledtask.ScheduledTask        : *****多线程定时器1(5s/次)运行中*****
2018-08-05 15:07:30.000  INFO 7064 --- [MyExecutor-1] c.j.b.scheduledtask.ScheduledTask        : *****多线程定时器1(5s/次)运行中*****
2018-08-05 15:07:30.000  INFO 7064 --- [MyExecutor-5] c.j.b.scheduledtask.ScheduledTask        : *****多线程定时器2(5s/次)运行中*****
2018-08-05 15:08:00.005  INFO 7064 --- [MyExecutor-2] c.j.b.scheduledtask.ScheduledTask        : *****多线程定时器1(5s/次)运行中*****
2018-08-05 15:08:00.006  INFO 7064 --- [MyExecutor-4] c.j.b.scheduledtask.ScheduledTask        : *****多线程定时器2(5s/次)运行中*****
2018-08-05 15:08:30.002  INFO 7064 --- [MyExecutor-3] c.j.b.scheduledtask.ScheduledTask        : *****多线程定时器1(5s/次)运行中*****
2018-08-05 15:08:30.002  INFO 7064 --- [MyExecutor-1] c.j.b.scheduledtask.ScheduledTask        : *****多线程定时器2(5s/次)运行中*****
2018-08-05 15:09:00.004  INFO 7064 --- [MyExecutor-5] c.j.b.scheduledtask.ScheduledTask        : *****多线程定时器1(5s/次)运行中*****
2018-08-05 15:09:00.005  INFO 7064 --- [MyExecutor-2] c.j.b.scheduledtask.ScheduledTask        : *****多线程定时器2(5s/次)运行中*****
2018-08-05 15:09:30.001  INFO 7064 --- [MyExecutor-4] c.j.b.scheduledtask.ScheduledTask        : *****多线程定时器1(5s/次)运行中*****
2018-08-05 15:09:30.001  INFO 7064 --- [MyExecutor-3] c.j.b.scheduledtask.ScheduledTask        : *****多线程定时器2(5s/次)运行中*****
2018-08-05 15:10:00.005  INFO 7064 --- [MyExecutor-1] c.j.b.scheduledtask.ScheduledTask        : *****多线程定时器1(5s/次)运行中*****
2018-08-05 15:10:00.005  INFO 7064 --- [MyExecutor-5] c.j.b.scheduledtask.ScheduledTask        : *****多线程定时器2(5s/次)运行中*****
2018-08-05 15:10:30.001  INFO 7064 --- [MyExecutor-2] c.j.b.scheduledtask.ScheduledTask        : *****多线程定时器1(5s/次)运行中*****
2018-08-05 15:10:30.001  INFO 7064 --- [MyExecutor-4] c.j.b.scheduledtask.ScheduledTask        : *****多线程定时器2(5s/次)运行中*****
2018-08-05 15:11:00.005  INFO 7064 --- [MyExecutor-3] c.j.b.scheduledtask.ScheduledTask        : *****多线程定时器1(5s/次)运行中*****
2018-08-05 15:11:00.005  INFO 7064 --- [MyExecutor-1] c.j.b.scheduledtask.ScheduledTask        : *****多线程定时器2(5s/次)运行中*****
2018-08-05 15:11:30.001  INFO 7064 --- [MyExecutor-5] c.j.b.scheduledtask.ScheduledTask        : *****多线程定时器1(5s/次)运行中*****
2018-08-05 15:11:30.001  INFO 7064 --- [MyExecutor-2] c.j.b.scheduledtask.ScheduledTask        : *****多线程定时器2(5s/次)运行中*****
2018-08-05 15:12:00.005  INFO 7064 --- [MyExecutor-4] c.j.b.scheduledtask.ScheduledTask        : *****多线程定时器1(5s/次)运行中*****
2018-08-05 15:12:00.008  INFO 7064 --- [MyExecutor-3] c.j.b.scheduledtask.ScheduledTask        : *****多线程定时器2(5s/次)运行中*****
2018-08-05 15:12:30.001  INFO 7064 --- [MyExecutor-1] c.j.b.scheduledtask.ScheduledTask        : *****多线程定时器2(5s/次)运行中*****
2018-08-05 15:12:30.001  INFO 7064 --- [MyExecutor-5] c.j.b.scheduledtask.ScheduledTask        : *****多线程定时器1(5s/次)运行中*****
2018-08-05 15:13:00.005  INFO 7064 --- [MyExecutor-2] c.j.b.scheduledtask.ScheduledTask        : *****多线程定时器2(5s/次)运行中*****
2018-08-05 15:13:00.006  INFO 7064 --- [MyExecutor-4] c.j.b.scheduledtask.ScheduledTask        : *****多线程定时器1(5s/次)运行中*****
2018-08-05 15:13:30.000  INFO 7064 --- [MyExecutor-3] c.j.b.scheduledtask.ScheduledTask        : *****多线程定时器2(5s/次)运行中*****
2018-08-05 15:13:30.000  INFO 7064 --- [MyExecutor-1] c.j.b.scheduledtask.ScheduledTask        : *****多线程定时器1(5s/次)运行中*****
2018-08-05 15:14:00.018  INFO 7064 --- [MyExecutor-5] c.j.b.scheduledtask.ScheduledTask        : *****多线程定时器2(5s/次)运行中*****
2018-08-05 15:14:00.019  INFO 7064 --- [MyExecutor-2] c.j.b.scheduledtask.ScheduledTask        : *****多线程定时器1(5s/次)运行中*****
2018-08-05 15:14:30.001  INFO 7064 --- [MyExecutor-4] c.j.b.scheduledtask.ScheduledTask        : *****多线程定时器1(5s/次)运行中*****
2018-08-05 15:14:30.001  INFO 7064 --- [MyExecutor-3] c.j.b.scheduledtask.ScheduledTask        : *****多线程定时器2(5s/次)运行中*****
2018-08-05 15:15:00.005  INFO 7064 --- [MyExecutor-1] c.j.b.scheduledtask.ScheduledTask        : *****多线程定时器1(5s/次)运行中*****
2018-08-05 15:15:00.006  INFO 7064 --- [MyExecutor-5] c.j.b.scheduledtask.ScheduledTask        : *****多线程定时器2(5s/次)运行中*****
2018-08-05 15:15:30.000  INFO 7064 --- [MyExecutor-2] c.j.b.scheduledtask.ScheduledTask        : *****多线程定时器2(5s/次)运行中*****
2018-08-05 15:15:30.002  INFO 7064 --- [MyExecutor-4] c.j.b.scheduledtask.ScheduledTask        : *****多线程定时器1(5s/次)运行中*****
2018-08-05 15:16:00.009  INFO 7064 --- [MyExecutor-3] c.j.b.scheduledtask.ScheduledTask        : *****多线程定时器1(5s/次)运行中*****
2018-08-05 15:16:00.010  INFO 7064 --- [MyExecutor-1] c.j.b.scheduledtask.ScheduledTask        : *****多线程定时器2(5s/次)运行中*****
2018-08-05 15:16:30.001  INFO 7064 --- [MyExecutor-5] c.j.b.scheduledtask.ScheduledTask        : *****多线程定时器2(5s/次)运行中*****
2018-08-05 15:16:30.001  INFO 7064 --- [MyExecutor-2] c.j.b.scheduledtask.ScheduledTask        : *****多线程定时器1(5s/次)运行中*****
2018-08-05 15:17:00.005  INFO 7064 --- [MyExecutor-4] c.j.b.scheduledtask.ScheduledTask        : *****多线程定时器2(5s/次)运行中*****
2018-08-05 15:17:00.006  INFO 7064 --- [MyExecutor-3] c.j.b.scheduledtask.ScheduledTask        : *****多线程定时器1(5s/次)运行中*****
2018-08-05 15:17:30.001  INFO 7064 --- [MyExecutor-1] c.j.b.scheduledtask.ScheduledTask        : *****多线程定时器1(5s/次)运行中*****
2018-08-05 15:17:30.001  INFO 7064 --- [MyExecutor-5] c.j.b.scheduledtask.ScheduledTask        : *****多线程定时器2(5s/次)运行中*****
2018-08-05 15:18:00.005  INFO 7064 --- [MyExecutor-2] c.j.b.scheduledtask.ScheduledTask        : *****多线程定时器1(5s/次)运行中*****
2018-08-05 15:18:00.006  INFO 7064 --- [MyExecutor-4] c.j.b.scheduledtask.ScheduledTask        : *****多线程定时器2(5s/次)运行中*****
2018-08-05 15:18:30.001  INFO 7064 --- [MyExecutor-3] c.j.b.scheduledtask.ScheduledTask        : *****多线程定时器2(5s/次)运行中*****
2018-08-05 15:18:30.001  INFO 7064 --- [MyExecutor-1] c.j.b.scheduledtask.ScheduledTask        : *****多线程定时器1(5s/次)运行中*****
2018-08-05 15:19:00.005  INFO 7064 --- [MyExecutor-5] c.j.b.scheduledtask.ScheduledTask        : *****多线程定时器2(5s/次)运行中*****
2018-08-05 15:19:00.006  INFO 7064 --- [MyExecutor-2] c.j.b.scheduledtask.ScheduledTask        : *****多线程定时器1(5s/次)运行中*****
2018-08-05 15:19:30.001  INFO 7064 --- [MyExecutor-4] c.j.b.scheduledtask.ScheduledTask        : *****多线程定时器2(5s/次)运行中*****
2018-08-05 15:19:30.001  INFO 7064 --- [MyExecutor-3] c.j.b.scheduledtask.ScheduledTask        : *****多线程定时器1(5s/次)运行中*****
2018-08-05 15:20:00.004  INFO 7064 --- [MyExecutor-1] c.j.b.scheduledtask.ScheduledTask        : *****多线程定时器2(5s/次)运行中*****
2018-08-05 15:20:00.005  INFO 7064 --- [MyExecutor-5] c.j.b.scheduledtask.ScheduledTask        : *****多线程定时器1(5s/次)运行中*****
2018-08-05 15:20:30.001  INFO 7064 --- [MyExecutor-2] c.j.b.scheduledtask.ScheduledTask        : *****多线程定时器1(5s/次)运行中*****
2018-08-05 15:20:30.001  INFO 7064 --- [MyExecutor-4] c.j.b.scheduledtask.ScheduledTask        : *****多线程定时器2(5s/次)运行中*****
2018-08-05 15:21:00.004  INFO 7064 --- [MyExecutor-3] c.j.b.scheduledtask.ScheduledTask        : *****多线程定时器1(5s/次)运行中*****
2018-08-05 15:21:00.004  INFO 7064 --- [MyExecutor-1] c.j.b.scheduledtask.ScheduledTask        : *****多线程定时器2(5s/次)运行中*****
2018-08-05 15:21:30.002  INFO 7064 --- [MyExecutor-5] c.j.b.scheduledtask.ScheduledTask        : *****多线程定时器1(5s/次)运行中*****
2018-08-05 15:21:30.002  INFO 7064 --- [MyExecutor-2] c.j.b.scheduledtask.ScheduledTask        : *****多线程定时器2(5s/次)运行中*****
2018-08-05 15:22:00.004  INFO 7064 --- [MyExecutor-4] c.j.b.scheduledtask.ScheduledTask        : *****多线程定时器1(5s/次)运行中*****
2018-08-05 15:22:00.007  INFO 7064 --- [MyExecutor-3] c.j.b.scheduledtask.ScheduledTask        : *****多线程定时器2(5s/次)运行中*****
2018-08-05 15:22:30.002  INFO 7064 --- [MyExecutor-1] c.j.b.scheduledtask.ScheduledTask        : *****多线程定时器1(5s/次)运行中*****
2018-08-05 15:22:30.002  INFO 7064 --- [MyExecutor-5] c.j.b.scheduledtask.ScheduledTask        : *****多线程定时器2(5s/次)运行中*****
2018-08-05 15:23:00.005  INFO 7064 --- [MyExecutor-2] c.j.b.scheduledtask.ScheduledTask        : *****多线程定时器1(5s/次)运行中*****
2018-08-05 15:23:00.006  INFO 7064 --- [MyExecutor-4] c.j.b.scheduledtask.ScheduledTask        : *****多线程定时器2(5s/次)运行中*****
2018-08-05 15:23:30.002  INFO 7064 --- [MyExecutor-3] c.j.b.scheduledtask.ScheduledTask        : *****多线程定时器1(5s/次)运行中*****
2018-08-05 15:23:30.002  INFO 7064 --- [MyExecutor-1] c.j.b.scheduledtask.ScheduledTask        : *****多线程定时器2(5s/次)运行中*****
2018-08-05 15:24:00.002  INFO 7064 --- [MyExecutor-5] c.j.b.scheduledtask.ScheduledTask        : *****多线程定时器1(5s/次)运行中*****
2018-08-05 15:24:00.002  INFO 7064 --- [MyExecutor-2] c.j.b.scheduledtask.ScheduledTask        : *****多线程定时器2(5s/次)运行中*****
2018-08-05 15:24:30.001  INFO 7064 --- [MyExecutor-4] c.j.b.scheduledtask.ScheduledTask        : *****多线程定时器1(5s/次)运行中*****
2018-08-05 15:24:30.001  INFO 7064 --- [MyExecutor-3] c.j.b.scheduledtask.ScheduledTask        : *****多线程定时器2(5s/次)运行中*****
2018-08-05 15:25:00.002  INFO 7064 --- [MyExecutor-1] c.j.b.scheduledtask.ScheduledTask        : *****多线程定时器1(5s/次)运行中*****
2018-08-05 15:25:00.002  INFO 7064 --- [MyExecutor-5] c.j.b.scheduledtask.ScheduledTask        : *****多线程定时器2(5s/次)运行中*****
